<?xml version="1.0" encoding="UTF-8"?>
<testng-results skipped="0" failed="0" ignored="0" total="1" passed="1">
  <reporter-output>
  </reporter-output>
  <suite name="Default suite" duration-ms="42637" started-at="2021-03-23T16:20:33Z" finished-at="2021-03-23T16:21:16Z">
    <groups>
    </groups>
    <test name="Default test" duration-ms="42637" started-at="2021-03-23T16:20:33Z" finished-at="2021-03-23T16:21:16Z">
      <class name="com.mcafee.tools.TC001_Assignment1">
        <test-method status="PASS" signature="beforeSuite()[pri:0, instance:com.mcafee.tools.TC001_Assignment1@625732]" name="beforeSuite" is-config="true" duration-ms="316" started-at="2021-03-23T16:20:33Z" finished-at="2021-03-23T16:20:33Z">
          <reporter-output>
          </reporter-output>
        </test-method> <!-- beforeSuite -->
        <test-method status="PASS" signature="setup()[pri:0, instance:com.mcafee.tools.TC001_Assignment1@625732]" name="setup" is-config="true" duration-ms="21645" started-at="2021-03-23T16:20:33Z" finished-at="2021-03-23T16:20:55Z">
          <reporter-output>
          </reporter-output>
        </test-method> <!-- setup -->
        <test-method status="PASS" signature="downloadsPatchSearch()[pri:0, instance:com.mcafee.tools.TC001_Assignment1@625732]" name="downloadsPatchSearch" duration-ms="16878" started-at="2021-03-23T16:20:55Z" finished-at="2021-03-23T16:21:12Z">
          <reporter-output>
          </reporter-output>
        </test-method> <!-- downloadsPatchSearch -->
        <test-method status="PASS" signature="afterMethod(org.testng.ITestResult)[pri:0, instance:com.mcafee.tools.TC001_Assignment1@625732]" name="afterMethod" is-config="true" duration-ms="6" started-at="2021-03-23T16:21:12Z" finished-at="2021-03-23T16:21:12Z">
          <params>
            <param index="0">
              <value>
                <![CDATA[[TestResult name=downloadsPatchSearch status=SUCCESS method=TC001_Assignment1.downloadsPatchSearch()[pri:0, instance:com.mcafee.tools.TC001_Assignment1@625732] output={null}]]]>
              </value>
            </param>
          </params>
          <reporter-output>
          </reporter-output>
        </test-method> <!-- afterMethod -->
        <test-method status="PASS" signature="tearDown()[pri:0, instance:com.mcafee.tools.TC001_Assignment1@625732]" name="tearDown" is-config="true" duration-ms="4056" started-at="2021-03-23T16:21:12Z" finished-at="2021-03-23T16:21:16Z">
          <reporter-output>
          </reporter-output>
        </test-method> <!-- tearDown -->
        <test-method status="PASS" signature="afterSuite()[pri:0, instance:com.mcafee.tools.TC001_Assignment1@625732]" name="afterSuite" is-config="true" duration-ms="12523" started-at="2021-03-23T16:21:16Z" finished-at="2021-03-23T16:21:28Z">
          <reporter-output>
          </reporter-output>
        </test-method> <!-- afterSuite -->
      </class> <!-- com.mcafee.tools.TC001_Assignment1 -->
    </test> <!-- Default test -->
  </suite> <!-- Default suite -->
</testng-results>
